<?xml version="1.0" encoding="UTF-8"?>
<!-- Generated by org.testng.reporters.JUnitXMLReporter -->
<testsuite ignored="0" hostname="BINTERNS-QA27L" failures="0" tests="10" name="Surefire test" time="27.842" errors="0" timestamp="2023-05-11T14:40:54 IST">
  <testcase classname="Test_pkg.Test_DashboardPageHRM" name="@BeforeClass navigateDashboard" time="27.614">
    <failure type="org.openqa.selenium.NoSuchElementException" message="no such element: Unable to locate element: {&amp;quot;method&amp;quot;:&amp;quot;xpath&amp;quot;,&amp;quot;selector&amp;quot;:&amp;quot;//span[text()=&amp;apos;Dashboard&amp;apos;]&amp;quot;}
  (Session info: chrome=112.0.5615.140)
For documentation on this error, please visit: https://selenium.dev/exceptions/#no_such_element
Build info: version: &amp;apos;4.9.0&amp;apos;, revision: &amp;apos;d7057100a6&amp;apos;
System info: os.name: &amp;apos;Windows 10&amp;apos;, os.arch: &amp;apos;amd64&amp;apos;, os.version: &amp;apos;10.0&amp;apos;, java.version: &amp;apos;17.0.5&amp;apos;
Driver info: org.openqa.selenium.chrome.ChromeDriver
Command: [01ff3cc4c17dd15c965d094fcda14170, findElement {using=xpath, value=//span[text()=&amp;apos;Dashboard&amp;apos;]}]
Capabilities {acceptInsecureCerts: false, browserName: chrome, browserVersion: 112.0.5615.140, chrome: {chromedriverVersion: 112.0.5615.49 (bd2a7bcb881c..., userDataDir: C:\Users\sakkal\AppData\Loc...}, goog:chromeOptions: {debuggerAddress: localhost:65343}, networkConnectionEnabled: false, pageLoadStrategy: normal, platformName: WINDOWS, proxy: Proxy(), se:cdp: ws://localhost:65343/devtoo..., se:cdpVersion: 112.0.5615.140, setWindowRect: true, strictFileInteractability: false, timeouts: {implicit: 0, pageLoad: 300000, script: 30000}, unhandledPromptBehavior: dismiss and notify, webauthn:extension:credBlob: true, webauthn:extension:largeBlob: true, webauthn:extension:minPinLength: true, webauthn:extension:prf: true, webauthn:virtualAuthenticators: true}
Session ID: 01ff3cc4c17dd15c965d094fcda14170">
      <![CDATA[org.openqa.selenium.NoSuchElementException: no such element: Unable to locate element: {"method":"xpath","selector":"//span[text()='Dashboard']"}
  (Session info: chrome=112.0.5615.140)
For documentation on this error, please visit: https://selenium.dev/exceptions/#no_such_element
Build info: version: '4.9.0', revision: 'd7057100a6'
System info: os.name: 'Windows 10', os.arch: 'amd64', os.version: '10.0', java.version: '17.0.5'
Driver info: org.openqa.selenium.chrome.ChromeDriver
Command: [01ff3cc4c17dd15c965d094fcda14170, findElement {using=xpath, value=//span[text()='Dashboard']}]
Capabilities {acceptInsecureCerts: false, browserName: chrome, browserVersion: 112.0.5615.140, chrome: {chromedriverVersion: 112.0.5615.49 (bd2a7bcb881c..., userDataDir: C:\Users\sakkal\AppData\Loc...}, goog:chromeOptions: {debuggerAddress: localhost:65343}, networkConnectionEnabled: false, pageLoadStrategy: normal, platformName: WINDOWS, proxy: Proxy(), se:cdp: ws://localhost:65343/devtoo..., se:cdpVersion: 112.0.5615.140, setWindowRect: true, strictFileInteractability: false, timeouts: {implicit: 0, pageLoad: 300000, script: 30000}, unhandledPromptBehavior: dismiss and notify, webauthn:extension:credBlob: true, webauthn:extension:largeBlob: true, webauthn:extension:minPinLength: true, webauthn:extension:prf: true, webauthn:virtualAuthenticators: true}
Session ID: 01ff3cc4c17dd15c965d094fcda14170
at org.openqa.selenium.remote.codec.w3c.W3CHttpResponseCodec.createException(W3CHttpResponseCodec.java:200)
at org.openqa.selenium.remote.codec.w3c.W3CHttpResponseCodec.decode(W3CHttpResponseCodec.java:133)
at org.openqa.selenium.remote.codec.w3c.W3CHttpResponseCodec.decode(W3CHttpResponseCodec.java:53)
at org.openqa.selenium.remote.HttpCommandExecutor.execute(HttpCommandExecutor.java:193)
at org.openqa.selenium.remote.service.DriverCommandExecutor.invokeExecute(DriverCommandExecutor.java:183)
at org.openqa.selenium.remote.service.DriverCommandExecutor.execute(DriverCommandExecutor.java:158)
at org.openqa.selenium.remote.RemoteWebDriver.execute(RemoteWebDriver.java:543)
at org.openqa.selenium.remote.ElementLocation$ElementFinder$2.findElement(ElementLocation.java:162)
at org.openqa.selenium.remote.ElementLocation.findElement(ElementLocation.java:60)
at org.openqa.selenium.remote.RemoteWebDriver.findElement(RemoteWebDriver.java:352)
at org.openqa.selenium.remote.RemoteWebDriver.findElement(RemoteWebDriver.java:344)
at org.openqa.selenium.support.pagefactory.DefaultElementLocator.findElement(DefaultElementLocator.java:70)
at org.openqa.selenium.support.pagefactory.internal.LocatingElementHandler.invoke(LocatingElementHandler.java:39)
at jdk.proxy2/jdk.proxy2.$Proxy15.click(Unknown Source)
at Actions.Actions_Dashboard.a_clickDashboard(Actions_Dashboard.java:16)
at Test_pkg.Test_DashboardPageHRM.navigateDashboard(Test_DashboardPageHRM.java:39)
at java.base/java.util.ArrayList.forEach(ArrayList.java:1511)
... Removed 35 stack frames]]>
    </failure>
  </testcase> <!-- @BeforeClass navigateDashboard -->
  <testcase classname="Test_pkg.Test_DashboardPageHRM" name="@AfterClass shut" time="0.0">
    <skipped/>
  </testcase> <!-- @AfterClass shut -->
  <testcase classname="Test_pkg.Test_DashboardPageHRM" name="@AfterTest y" time="0.0">
    <skipped/>
  </testcase> <!-- @AfterTest y -->
  <testcase classname="Test_pkg.Test_DashboardPageHRM" name="assignLeave_checkVisiblity" time="0.001">
    <skipped/>
  </testcase> <!-- assignLeave_checkVisiblity -->
  <testcase classname="Test_pkg.Test_DashboardPageHRM" name="dashboardHomePage_checkVisiblity" time="0.0">
    <skipped/>
  </testcase> <!-- dashboardHomePage_checkVisiblity -->
  <testcase classname="Test_pkg.Test_DashboardPageHRM" name="validate_AssignLeaveButton_Functionality" time="0.0">
    <skipped/>
  </testcase> <!-- validate_AssignLeaveButton_Functionality -->
  <testcase classname="Test_pkg.Test_DashboardPageHRM" name="validate_leaveListButton_Functionality" time="0.0">
    <skipped/>
  </testcase> <!-- validate_leaveListButton_Functionality -->
  <testcase classname="Test_pkg.Test_DashboardPageHRM" name="validate_timeSheetsButton_Functionality" time="0.0">
    <skipped/>
  </testcase> <!-- validate_timeSheetsButton_Functionality -->
  <testcase classname="Test_pkg.Test_DashboardPageHRM" name="validate_applyleaveButton_Functionality" time="0.0">
    <skipped/>
  </testcase> <!-- validate_applyleaveButton_Functionality -->
  <testcase classname="Test_pkg.Test_DashboardPageHRM" name="validate_myleaveButton_Functionality" time="0.0">
    <skipped/>
  </testcase> <!-- validate_myleaveButton_Functionality -->
  <testcase classname="Test_pkg.Test_DashboardPageHRM" name="validate_myTimeSheet_Functionality" time="0.0">
    <skipped/>
  </testcase> <!-- validate_myTimeSheet_Functionality -->
  <testcase classname="Test_pkg.Test_DashboardPageHRM" name="validate_collapseButton_Functionality" time="0.0">
    <skipped/>
  </testcase> <!-- validate_collapseButton_Functionality -->
  <testcase classname="Test_pkg.Test_DashboardPageHRM" name="validate_clockButton_Functionality" time="0.0">
    <skipped/>
  </testcase> <!-- validate_clockButton_Functionality -->
</testsuite> <!-- Surefire test -->
