<?xml version="1.0" encoding="UTF-8"?>
<!-- Generated by org.testng.reporters.JUnitReportReporter -->
<testsuite hostname="BINTERNS-QA27L" failures="0" tests="23" name="Test_pkg.Test_ADMIN_JobPageHRM" time="28.519" errors="1" timestamp="2023-05-09T18:13:13 IST" skipped="22">
  <testcase classname="Test_pkg.Test_ADMIN_JobPageHRM" name="navigateToJobPage" time="28.519">
    <error message="no such element: Unable to locate element: {&quot;method&quot;:&quot;xpath&quot;,&quot;selector&quot;:&quot;//span[@class=&#039;oxd-text oxd-text--span oxd-main-menu-item--name&#039;][text()=&#039;Admin&#039;]&quot;}
  (Session info: chrome=112.0.5615.138)
For documentation on this error, please visit: https://selenium.dev/exceptions/#no_such_element
Build info: version: &#039;4.8.1&#039;, revision: &#039;8ebccac989&#039;
System info: os.name: &#039;Windows 10&#039;, os.arch: &#039;amd64&#039;, os.version: &#039;10.0&#039;, java.version: &#039;17.0.5&#039;
Driver info: org.openqa.selenium.chrome.ChromeDriver
Command: [a70fb73dcf43e92e92f61754a36359e4, findElement {using=xpath, value=//span[@class=&#039;oxd-text oxd-text--span oxd-main-menu-item--name&#039;][text()=&#039;Admin&#039;]}]
Capabilities {acceptInsecureCerts: false, browserName: chrome, browserVersion: 112.0.5615.138, chrome: {chromedriverVersion: 112.0.5615.49 (bd2a7bcb881c..., userDataDir: C:\Users\sakkal\AppData\Loc...}, goog:chromeOptions: {debuggerAddress: localhost:54438}, networkConnectionEnabled: false, pageLoadStrategy: normal, platformName: WINDOWS, proxy: Proxy(), se:cdp: ws://localhost:54438/devtoo..., se:cdpVersion: 112.0.5615.138, setWindowRect: true, strictFileInteractability: false, timeouts: {implicit: 0, pageLoad: 300000, script: 30000}, unhandledPromptBehavior: dismiss and notify, webauthn:extension:credBlob: true, webauthn:extension:largeBlob: true, webauthn:extension:minPinLength: true, webauthn:extension:prf: true, webauthn:virtualAuthenticators: true}
Session ID: a70fb73dcf43e92e92f61754a36359e4" type="org.openqa.selenium.NoSuchElementException">
      <![CDATA[org.openqa.selenium.NoSuchElementException: no such element: Unable to locate element: {"method":"xpath","selector":"//span[@class='oxd-text oxd-text--span oxd-main-menu-item--name'][text()='Admin']"}
  (Session info: chrome=112.0.5615.138)
For documentation on this error, please visit: https://selenium.dev/exceptions/#no_such_element
Build info: version: '4.8.1', revision: '8ebccac989'
System info: os.name: 'Windows 10', os.arch: 'amd64', os.version: '10.0', java.version: '17.0.5'
Driver info: org.openqa.selenium.chrome.ChromeDriver
Command: [a70fb73dcf43e92e92f61754a36359e4, findElement {using=xpath, value=//span[@class='oxd-text oxd-text--span oxd-main-menu-item--name'][text()='Admin']}]
Capabilities {acceptInsecureCerts: false, browserName: chrome, browserVersion: 112.0.5615.138, chrome: {chromedriverVersion: 112.0.5615.49 (bd2a7bcb881c..., userDataDir: C:\Users\sakkal\AppData\Loc...}, goog:chromeOptions: {debuggerAddress: localhost:54438}, networkConnectionEnabled: false, pageLoadStrategy: normal, platformName: WINDOWS, proxy: Proxy(), se:cdp: ws://localhost:54438/devtoo..., se:cdpVersion: 112.0.5615.138, setWindowRect: true, strictFileInteractability: false, timeouts: {implicit: 0, pageLoad: 300000, script: 30000}, unhandledPromptBehavior: dismiss and notify, webauthn:extension:credBlob: true, webauthn:extension:largeBlob: true, webauthn:extension:minPinLength: true, webauthn:extension:prf: true, webauthn:virtualAuthenticators: true}
Session ID: a70fb73dcf43e92e92f61754a36359e4
at java.base/jdk.internal.reflect.NativeConstructorAccessorImpl.newInstance0(Native Method)
at java.base/jdk.internal.reflect.NativeConstructorAccessorImpl.newInstance(NativeConstructorAccessorImpl.java:77)
at java.base/jdk.internal.reflect.DelegatingConstructorAccessorImpl.newInstance(DelegatingConstructorAccessorImpl.java:45)
at java.base/java.lang.reflect.Constructor.newInstanceWithCaller(Constructor.java:499)
at java.base/java.lang.reflect.Constructor.newInstance(Constructor.java:480)
at org.openqa.selenium.remote.codec.w3c.W3CHttpResponseCodec.createException(W3CHttpResponseCodec.java:200)
at org.openqa.selenium.remote.codec.w3c.W3CHttpResponseCodec.decode(W3CHttpResponseCodec.java:133)
at org.openqa.selenium.remote.codec.w3c.W3CHttpResponseCodec.decode(W3CHttpResponseCodec.java:53)
at org.openqa.selenium.remote.HttpCommandExecutor.execute(HttpCommandExecutor.java:184)
at org.openqa.selenium.remote.service.DriverCommandExecutor.invokeExecute(DriverCommandExecutor.java:167)
at org.openqa.selenium.remote.service.DriverCommandExecutor.execute(DriverCommandExecutor.java:142)
at org.openqa.selenium.remote.RemoteWebDriver.execute(RemoteWebDriver.java:543)
at org.openqa.selenium.remote.ElementLocation$ElementFinder$2.findElement(ElementLocation.java:162)
at org.openqa.selenium.remote.ElementLocation.findElement(ElementLocation.java:60)
at org.openqa.selenium.remote.RemoteWebDriver.findElement(RemoteWebDriver.java:352)
at org.openqa.selenium.remote.RemoteWebDriver.findElement(RemoteWebDriver.java:344)
at org.openqa.selenium.support.pagefactory.DefaultElementLocator.findElement(DefaultElementLocator.java:70)
at org.openqa.selenium.support.pagefactory.internal.LocatingElementHandler.invoke(LocatingElementHandler.java:39)
at jdk.proxy2/jdk.proxy2.$Proxy16.click(Unknown Source)
at Test_pkg.Test_ADMIN_userManagementPageHRM.navigateToAdminModule(Test_ADMIN_userManagementPageHRM.java:30)
at Test_pkg.Test_ADMIN_JobPageHRM.navigateToJobPage(Test_ADMIN_JobPageHRM.java:22)
at java.base/jdk.internal.reflect.NativeMethodAccessorImpl.invoke0(Native Method)
at java.base/jdk.internal.reflect.NativeMethodAccessorImpl.invoke(NativeMethodAccessorImpl.java:77)
at java.base/jdk.internal.reflect.DelegatingMethodAccessorImpl.invoke(DelegatingMethodAccessorImpl.java:43)
at java.base/java.lang.reflect.Method.invoke(Method.java:568)
at org.testng.internal.invokers.MethodInvocationHelper.invokeMethod(MethodInvocationHelper.java:139)
at org.testng.internal.invokers.MethodInvocationHelper.invokeMethodConsideringTimeout(MethodInvocationHelper.java:69)
at org.testng.internal.invokers.ConfigInvoker.invokeConfigurationMethod(ConfigInvoker.java:361)
at org.testng.internal.invokers.ConfigInvoker.invokeConfigurations(ConfigInvoker.java:296)
at org.testng.internal.invokers.TestMethodWorker.invokeBeforeClassMethods(TestMethodWorker.java:180)
at org.testng.internal.invokers.TestMethodWorker.run(TestMethodWorker.java:122)
at java.base/java.util.ArrayList.forEach(ArrayList.java:1511)
at org.testng.TestRunner.privateRun(TestRunner.java:829)
at org.testng.TestRunner.run(TestRunner.java:602)
at org.testng.SuiteRunner.runTest(SuiteRunner.java:437)
at org.testng.SuiteRunner.runSequentially(SuiteRunner.java:431)
at org.testng.SuiteRunner.privateRun(SuiteRunner.java:391)
at org.testng.SuiteRunner.run(SuiteRunner.java:330)
at org.testng.SuiteRunnerWorker.runSuite(SuiteRunnerWorker.java:52)
at org.testng.SuiteRunnerWorker.run(SuiteRunnerWorker.java:95)
at org.testng.TestNG.runSuitesSequentially(TestNG.java:1256)
at org.testng.TestNG.runSuitesLocally(TestNG.java:1176)
at org.testng.TestNG.runSuites(TestNG.java:1099)
at org.testng.TestNG.run(TestNG.java:1067)
at org.testng.remote.AbstractRemoteTestNG.run(AbstractRemoteTestNG.java:115)
at org.testng.remote.RemoteTestNG.initAndRun(RemoteTestNG.java:251)
at org.testng.remote.RemoteTestNG.main(RemoteTestNG.java:77)
]]>
    </error>
  </testcase> <!-- navigateToJobPage -->
  <system-out/>
  <testcase classname="Test_pkg.Test_ADMIN_JobPageHRM" name="checkVisiblity" time="0.000">
    <skipped/>
  </testcase> <!-- checkVisiblity -->
  <system-out/>
  <testcase classname="Test_pkg.Test_ADMIN_JobPageHRM" name="Validate_JobTitlePageLoadsSuccessfully" time="0.000">
    <skipped/>
  </testcase> <!-- Validate_JobTitlePageLoadsSuccessfully -->
  <system-out/>
  <testcase classname="Test_pkg.Test_ADMIN_JobPageHRM" name="Validate_UserableToSelectAllRecords" time="0.000">
    <skipped/>
  </testcase> <!-- Validate_UserableToSelectAllRecords -->
  <system-out/>
  <testcase classname="Test_pkg.Test_ADMIN_JobPageHRM" name="Validate_UserableToDeSelectAllRecords" time="0.000">
    <skipped/>
  </testcase> <!-- Validate_UserableToDeSelectAllRecords -->
  <system-out/>
  <testcase classname="Test_pkg.Test_ADMIN_JobPageHRM" name="Validate_AddButtonJobTitles_Functionality" time="0.000">
    <skipped/>
  </testcase> <!-- Validate_AddButtonJobTitles_Functionality -->
  <system-out/>
  <testcase classname="Test_pkg.Test_ADMIN_JobPageHRM" name="Validate_CancelButtonAddJobTitle_functionality" time="0.000">
    <skipped/>
  </testcase> <!-- Validate_CancelButtonAddJobTitle_functionality -->
  <system-out/>
  <testcase classname="Test_pkg.Test_ADMIN_JobPageHRM" name="Validate_UserAbleToAddJobTitle" time="0.000">
    <skipped/>
  </testcase> <!-- Validate_UserAbleToAddJobTitle -->
  <system-out/>
  <testcase classname="Test_pkg.Test_ADMIN_JobPageHRM" name="deleteJobTitle" time="0.000">
    <skipped/>
  </testcase> <!-- deleteJobTitle -->
  <system-out/>
  <testcase classname="Test_pkg.Test_ADMIN_JobPageHRM" name="Validate_DeleteFunctionalityWithTrashIcon" time="0.000">
    <skipped/>
  </testcase> <!-- Validate_DeleteFunctionalityWithTrashIcon -->
  <system-out/>
  <testcase classname="Test_pkg.Test_ADMIN_JobPageHRM" name="Validate_PayGradesPageLoadsSuccessfully" time="0.000">
    <skipped/>
  </testcase> <!-- Validate_PayGradesPageLoadsSuccessfully -->
  <system-out/>
  <testcase classname="Test_pkg.Test_ADMIN_JobPageHRM" name="Validate_AddButtonFunctionality_PayGrade" time="0.000">
    <skipped/>
  </testcase> <!-- Validate_AddButtonFunctionality_PayGrade -->
  <system-out/>
  <testcase classname="Test_pkg.Test_ADMIN_JobPageHRM" name="Validate_CancelButtonFunctionality_AddPayGradeSection" time="0.000">
    <skipped/>
  </testcase> <!-- Validate_CancelButtonFunctionality_AddPayGradeSection -->
  <system-out/>
  <testcase classname="Test_pkg.Test_ADMIN_JobPageHRM" name="a_Validate_addPayGrade_Functionality" time="0.000">
    <skipped/>
  </testcase> <!-- a_Validate_addPayGrade_Functionality -->
  <system-out/>
  <testcase classname="Test_pkg.Test_ADMIN_JobPageHRM" name="a_Validate_AddCurrency_Functionality" time="0.000">
    <skipped/>
  </testcase> <!-- a_Validate_AddCurrency_Functionality -->
  <system-out/>
  <testcase classname="Test_pkg.Test_ADMIN_JobPageHRM" name="vaidate_DeleteCurrencyRecord_Functionality" time="0.000">
    <skipped/>
  </testcase> <!-- vaidate_DeleteCurrencyRecord_Functionality -->
  <system-out/>
  <testcase classname="Test_pkg.Test_ADMIN_JobPageHRM" name="Validate_employmentStatusPageLoadSuccessfully" time="0.000">
    <skipped/>
  </testcase> <!-- Validate_employmentStatusPageLoadSuccessfully -->
  <system-out/>
  <testcase classname="Test_pkg.Test_ADMIN_JobPageHRM" name="Validate_AddButtoonES_Functionality" time="0.000">
    <skipped/>
  </testcase> <!-- Validate_AddButtoonES_Functionality -->
  <system-out/>
  <testcase classname="Test_pkg.Test_ADMIN_JobPageHRM" name="Validate_CancelButton_ES_Functionality" time="0.000">
    <skipped/>
  </testcase> <!-- Validate_CancelButton_ES_Functionality -->
  <system-out/>
  <testcase classname="Test_pkg.Test_ADMIN_JobPageHRM" name="Validate_AdminAbleToAddEmpStatus" time="0.000">
    <skipped/>
  </testcase> <!-- Validate_AdminAbleToAddEmpStatus -->
  <system-out/>
  <testcase classname="Test_pkg.Test_ADMIN_JobPageHRM" name="Validate_SelectESCheckbox_Functionality" time="0.000">
    <skipped/>
  </testcase> <!-- Validate_SelectESCheckbox_Functionality -->
  <system-out/>
  <testcase classname="Test_pkg.Test_ADMIN_JobPageHRM" name="Validate_DeselectESCheckbox_Functionality" time="0.000">
    <skipped/>
  </testcase> <!-- Validate_DeselectESCheckbox_Functionality -->
  <system-out/>
  <testcase classname="Test_pkg.Test_ADMIN_JobPageHRM" name="Validate_DeleteEmpStatus_Functionality_WithCheckbox" time="0.000">
    <skipped/>
  </testcase> <!-- Validate_DeleteEmpStatus_Functionality_WithCheckbox -->
  <system-out/>
</testsuite> <!-- Test_pkg.Test_ADMIN_JobPageHRM -->
