<?xml version="1.0" encoding="UTF-8"?>
<!-- Generated by org.testng.reporters.JUnitReportReporter -->
<testsuite hostname="BINTERNS-QA27L" failures="0" tests="20" name="Test_pkg.Test_BuzzPageHRM" time="16.150" errors="1" timestamp="2023-05-10T14:07:44 IST" skipped="19">
  <testcase classname="Test_pkg.Test_BuzzPageHRM" name="validate_BuzzPageLoadsSuccessfully" time="0.000">
    <skipped/>
  </testcase> <!-- validate_BuzzPageLoadsSuccessfully -->
  <system-out/>
  <testcase classname="Test_pkg.Test_BuzzPageHRM" name="navigateToBuzzPage" time="16.148">
    <error message="Cannot invoke &quot;com.relevantcodes.extentreports.ExtentReports.startTest(String)&quot; because &quot;this.extent&quot; is null" type="java.lang.NullPointerException">
      <![CDATA[java.lang.NullPointerException: Cannot invoke "com.relevantcodes.extentreports.ExtentReports.startTest(String)" because "this.extent" is null
at Test_pkg.Test_LoginPageHRM.validate_Loginfunctionality_validUname_validPass(Test_LoginPageHRM.java:117)
at Test_pkg.Test_BuzzPageHRM.navigateToBuzzPage(Test_BuzzPageHRM.java:35)
at java.base/jdk.internal.reflect.NativeMethodAccessorImpl.invoke0(Native Method)
at java.base/jdk.internal.reflect.NativeMethodAccessorImpl.invoke(NativeMethodAccessorImpl.java:77)
at java.base/jdk.internal.reflect.DelegatingMethodAccessorImpl.invoke(DelegatingMethodAccessorImpl.java:43)
at java.base/java.lang.reflect.Method.invoke(Method.java:568)
at org.testng.internal.invokers.MethodInvocationHelper.invokeMethod(MethodInvocationHelper.java:139)
at org.testng.internal.invokers.MethodInvocationHelper.invokeMethodConsideringTimeout(MethodInvocationHelper.java:69)
at org.testng.internal.invokers.ConfigInvoker.invokeConfigurationMethod(ConfigInvoker.java:361)
at org.testng.internal.invokers.ConfigInvoker.invokeConfigurations(ConfigInvoker.java:296)
at org.testng.internal.invokers.TestMethodWorker.invokeBeforeClassMethods(TestMethodWorker.java:180)
at org.testng.internal.invokers.TestMethodWorker.run(TestMethodWorker.java:122)
at java.base/java.util.ArrayList.forEach(ArrayList.java:1511)
at org.testng.TestRunner.privateRun(TestRunner.java:829)
at org.testng.TestRunner.run(TestRunner.java:602)
at org.testng.SuiteRunner.runTest(SuiteRunner.java:437)
at org.testng.SuiteRunner.runSequentially(SuiteRunner.java:431)
at org.testng.SuiteRunner.privateRun(SuiteRunner.java:391)
at org.testng.SuiteRunner.run(SuiteRunner.java:330)
at org.testng.SuiteRunnerWorker.runSuite(SuiteRunnerWorker.java:52)
at org.testng.SuiteRunnerWorker.run(SuiteRunnerWorker.java:95)
at org.testng.TestNG.runSuitesSequentially(TestNG.java:1256)
at org.testng.TestNG.runSuitesLocally(TestNG.java:1176)
at org.testng.TestNG.runSuites(TestNG.java:1099)
at org.testng.TestNG.run(TestNG.java:1067)
at org.testng.remote.AbstractRemoteTestNG.run(AbstractRemoteTestNG.java:115)
at org.testng.remote.RemoteTestNG.initAndRun(RemoteTestNG.java:251)
at org.testng.remote.RemoteTestNG.main(RemoteTestNG.java:77)
]]>
    </error>
  </testcase> <!-- navigateToBuzzPage -->
  <system-out/>
  <testcase classname="Test_pkg.Test_BuzzPageHRM" name="mostCommentedPostButton_checkVisiblity" time="0.000">
    <skipped/>
  </testcase> <!-- mostCommentedPostButton_checkVisiblity -->
  <system-out/>
  <testcase classname="Test_pkg.Test_BuzzPageHRM" name="commentButton_checkVisiblity" time="0.000">
    <skipped/>
  </testcase> <!-- commentButton_checkVisiblity -->
  <system-out/>
  <testcase classname="Test_pkg.Test_BuzzPageHRM" name="optionsPostButton_checkVisiblity" time="0.000">
    <skipped/>
  </testcase> <!-- optionsPostButton_checkVisiblity -->
  <system-out/>
  <testcase classname="Test_pkg.Test_BuzzPageHRM" name="sharePhotosButton_checkVisiblity" time="0.000">
    <skipped/>
  </testcase> <!-- sharePhotosButton_checkVisiblity -->
  <system-out/>
  <testcase classname="Test_pkg.Test_BuzzPageHRM" name="mostLikedPostButton_checkVisiblity" time="0.000">
    <skipped/>
  </testcase> <!-- mostLikedPostButton_checkVisiblity -->
  <system-out/>
  <testcase classname="Test_pkg.Test_BuzzPageHRM" name="mostRecentPostButton_checkVisiblity" time="0.000">
    <skipped/>
  </testcase> <!-- mostRecentPostButton_checkVisiblity -->
  <system-out/>
  <testcase classname="Test_pkg.Test_BuzzPageHRM" name="postButton_checkVisiblity" time="0.001">
    <skipped/>
  </testcase> <!-- postButton_checkVisiblity -->
  <system-out/>
  <testcase classname="Test_pkg.Test_BuzzPageHRM" name="shareVideosButton_checkVisiblity" time="0.000">
    <skipped/>
  </testcase> <!-- shareVideosButton_checkVisiblity -->
  <system-out/>
  <testcase classname="Test_pkg.Test_BuzzPageHRM" name="likePostButton_checkVisiblity" time="0.000">
    <skipped/>
  </testcase> <!-- likePostButton_checkVisiblity -->
  <system-out/>
  <testcase classname="Test_pkg.Test_BuzzPageHRM" name="shareButton_checkVisiblity" time="0.000">
    <skipped/>
  </testcase> <!-- shareButton_checkVisiblity -->
  <system-out/>
  <testcase classname="Test_pkg.Test_BuzzPageHRM" name="validate_postfunctionality" time="0.000">
    <skipped/>
  </testcase> <!-- validate_postfunctionality -->
  <system-out/>
  <testcase classname="Test_pkg.Test_BuzzPageHRM" name="validate_postWithPhoto_Functionality" time="0.000">
    <skipped/>
  </testcase> <!-- validate_postWithPhoto_Functionality -->
  <system-out/>
  <testcase classname="Test_pkg.Test_BuzzPageHRM" name="validate_postWithVideo_Functionality" time="0.000">
    <skipped/>
  </testcase> <!-- validate_postWithVideo_Functionality -->
  <system-out/>
  <testcase classname="Test_pkg.Test_BuzzPageHRM" name="validate_LikePost_Functionality" time="0.000">
    <skipped/>
  </testcase> <!-- validate_LikePost_Functionality -->
  <system-out/>
  <testcase classname="Test_pkg.Test_BuzzPageHRM" name="validate_UnLikePost_Functionality" time="0.000">
    <skipped/>
  </testcase> <!-- validate_UnLikePost_Functionality -->
  <system-out/>
  <testcase classname="Test_pkg.Test_BuzzPageHRM" name="validate_commentPost_functionality" time="0.000">
    <skipped/>
  </testcase> <!-- validate_commentPost_functionality -->
  <system-out/>
  <testcase classname="Test_pkg.Test_BuzzPageHRM" name="validate_likeAcomment_Functionality" time="0.000">
    <skipped/>
  </testcase> <!-- validate_likeAcomment_Functionality -->
  <system-out/>
  <testcase classname="Test_pkg.Test_BuzzPageHRM" name="validate_unlikeAComment_functionality" time="0.001">
    <skipped/>
  </testcase> <!-- validate_unlikeAComment_functionality -->
  <system-out/>
</testsuite> <!-- Test_pkg.Test_BuzzPageHRM -->
